05.11.2020 15:19:37.014 [main] INFO   o.s.t.c.w.WebTestContextBootstrapper - Loaded default TestExecutionListener class names from location [META-INF/spring.factories]: [org.springframework.test.context.web.ServletTestExecutionListener, org.springframework.test.context.support.DirtiesContextBeforeModesTestExecutionListener, org.springframework.test.context.support.DependencyInjectionTestExecutionListener, org.springframework.test.context.support.DirtiesContextTestExecutionListener, org.springframework.test.context.transaction.TransactionalTestExecutionListener, org.springframework.test.context.jdbc.SqlScriptsTestExecutionListener, org.springframework.test.context.event.EventPublishingTestExecutionListener]
05.11.2020 15:19:37.050 [main] INFO   o.s.t.c.w.WebTestContextBootstrapper - Using TestExecutionListeners: [org.springframework.test.context.web.ServletTestExecutionListener@10959ece, org.springframework.test.context.support.DirtiesContextBeforeModesTestExecutionListener@3a6bb9bf, org.springframework.test.context.support.DependencyInjectionTestExecutionListener@34f7cfd9, org.springframework.test.context.support.DirtiesContextTestExecutionListener@65f095f8, org.springframework.test.context.transaction.TransactionalTestExecutionListener@59af0466, org.springframework.test.context.jdbc.SqlScriptsTestExecutionListener@3e6ef8ad, org.springframework.test.context.event.EventPublishingTestExecutionListener@346d61be]
05.11.2020 15:19:38.561 [main] INFO   o.s.m.w.MockServletContext - Initializing Spring TestDispatcherServlet ''
05.11.2020 15:19:38.561 [main] INFO   o.s.t.w.s.TestDispatcherServlet - Initializing Servlet ''
05.11.2020 15:19:38.779 [main] INFO   o.s.t.w.s.TestDispatcherServlet - Completed initialization in 218 ms
05.11.2020 15:19:38.934 [main] INFO   o.s.m.w.MockServletContext - Initializing Spring TestDispatcherServlet ''
05.11.2020 15:19:38.934 [main] INFO   o.s.t.w.s.TestDispatcherServlet - Initializing Servlet ''
05.11.2020 15:19:38.954 [main] INFO   o.s.t.w.s.TestDispatcherServlet - Completed initialization in 19 ms
05.11.2020 15:19:39.015 [main] INFO   o.s.m.w.MockServletContext - Initializing Spring TestDispatcherServlet ''
05.11.2020 15:19:39.016 [main] INFO   o.s.t.w.s.TestDispatcherServlet - Initializing Servlet ''
05.11.2020 15:19:39.035 [main] INFO   o.s.t.w.s.TestDispatcherServlet - Completed initialization in 19 ms
05.11.2020 15:19:39.049 [main] INFO   o.s.m.w.MockServletContext - Initializing Spring TestDispatcherServlet ''
05.11.2020 15:19:39.056 [main] INFO   o.s.t.w.s.TestDispatcherServlet - Initializing Servlet ''
05.11.2020 15:19:39.077 [main] INFO   o.s.t.w.s.TestDispatcherServlet - Completed initialization in 14 ms
05.11.2020 15:19:39.125 [main] INFO   o.s.m.w.MockServletContext - Initializing Spring TestDispatcherServlet ''
05.11.2020 15:19:39.126 [main] INFO   o.s.t.w.s.TestDispatcherServlet - Initializing Servlet ''
05.11.2020 15:19:39.142 [main] INFO   o.s.t.w.s.TestDispatcherServlet - Completed initialization in 16 ms
05.11.2020 15:19:39.155 [main] INFO   o.s.m.w.MockServletContext - Initializing Spring TestDispatcherServlet ''
05.11.2020 15:19:39.155 [main] INFO   o.s.t.w.s.TestDispatcherServlet - Initializing Servlet ''
05.11.2020 15:19:39.169 [main] INFO   o.s.t.w.s.TestDispatcherServlet - Completed initialization in 14 ms
05.11.2020 15:19:39.177 [main] INFO   o.s.m.w.MockServletContext - Initializing Spring TestDispatcherServlet ''
05.11.2020 15:19:39.178 [main] INFO   o.s.t.w.s.TestDispatcherServlet - Initializing Servlet ''
05.11.2020 15:19:39.211 [main] INFO   o.s.t.w.s.TestDispatcherServlet - Completed initialization in 33 ms
05.11.2020 15:19:39.226 [main] INFO   o.s.m.w.MockServletContext - Initializing Spring TestDispatcherServlet ''
05.11.2020 15:19:39.228 [main] INFO   o.s.t.w.s.TestDispatcherServlet - Initializing Servlet ''
05.11.2020 15:19:39.275 [main] INFO   o.s.t.w.s.TestDispatcherServlet - Completed initialization in 35 ms
05.11.2020 15:19:39.300 [main] INFO   o.s.m.w.MockServletContext - Initializing Spring TestDispatcherServlet ''
05.11.2020 15:19:39.302 [main] INFO   o.s.t.w.s.TestDispatcherServlet - Initializing Servlet ''
05.11.2020 15:19:39.331 [main] INFO   o.s.t.w.s.TestDispatcherServlet - Completed initialization in 27 ms
05.11.2020 15:19:39.351 [main] INFO   o.s.t.c.w.WebTestContextBootstrapper - Loaded default TestExecutionListener class names from location [META-INF/spring.factories]: [org.springframework.test.context.web.ServletTestExecutionListener, org.springframework.test.context.support.DirtiesContextBeforeModesTestExecutionListener, org.springframework.test.context.support.DependencyInjectionTestExecutionListener, org.springframework.test.context.support.DirtiesContextTestExecutionListener, org.springframework.test.context.transaction.TransactionalTestExecutionListener, org.springframework.test.context.jdbc.SqlScriptsTestExecutionListener, org.springframework.test.context.event.EventPublishingTestExecutionListener]
05.11.2020 15:19:39.352 [main] INFO   o.s.t.c.w.WebTestContextBootstrapper - Using TestExecutionListeners: [org.springframework.test.context.web.ServletTestExecutionListener@7b7683d4, org.springframework.test.context.support.DirtiesContextBeforeModesTestExecutionListener@40712ee9, org.springframework.test.context.support.DependencyInjectionTestExecutionListener@2e53b094, org.springframework.test.context.support.DirtiesContextTestExecutionListener@39fa8ad2, org.springframework.test.context.transaction.TransactionalTestExecutionListener@76ddd61a, org.springframework.test.context.jdbc.SqlScriptsTestExecutionListener@3f92a84e, org.springframework.test.context.event.EventPublishingTestExecutionListener@cf67838]
05.11.2020 15:19:39.411 [main] INFO   o.s.m.w.MockServletContext - Initializing Spring TestDispatcherServlet ''
05.11.2020 15:19:39.413 [main] INFO   o.s.t.w.s.TestDispatcherServlet - Initializing Servlet ''
05.11.2020 15:19:39.530 [main] INFO   o.s.t.w.s.TestDispatcherServlet - Completed initialization in 116 ms
05.11.2020 15:19:39.535 [main] INFO   o.s.m.w.MockServletContext - Initializing Spring TestDispatcherServlet ''
05.11.2020 15:19:39.536 [main] INFO   o.s.t.w.s.TestDispatcherServlet - Initializing Servlet ''
05.11.2020 15:19:39.543 [main] INFO   o.s.t.w.s.TestDispatcherServlet - Completed initialization in 7 ms
05.11.2020 15:19:39.560 [main] INFO   o.s.t.c.w.WebTestContextBootstrapper - Loaded default TestExecutionListener class names from location [META-INF/spring.factories]: [org.springframework.test.context.web.ServletTestExecutionListener, org.springframework.test.context.support.DirtiesContextBeforeModesTestExecutionListener, org.springframework.test.context.support.DependencyInjectionTestExecutionListener, org.springframework.test.context.support.DirtiesContextTestExecutionListener, org.springframework.test.context.transaction.TransactionalTestExecutionListener, org.springframework.test.context.jdbc.SqlScriptsTestExecutionListener, org.springframework.test.context.event.EventPublishingTestExecutionListener]
05.11.2020 15:19:39.561 [main] INFO   o.s.t.c.w.WebTestContextBootstrapper - Using TestExecutionListeners: [org.springframework.test.context.web.ServletTestExecutionListener@6c518474, org.springframework.test.context.support.DirtiesContextBeforeModesTestExecutionListener@11b455e5, org.springframework.test.context.support.DependencyInjectionTestExecutionListener@2a066689, org.springframework.test.context.support.DirtiesContextTestExecutionListener@3e3861d7, org.springframework.test.context.transaction.TransactionalTestExecutionListener@5e2a3040, org.springframework.test.context.jdbc.SqlScriptsTestExecutionListener@6d025d1d, org.springframework.test.context.event.EventPublishingTestExecutionListener@74294c1a]
05.11.2020 15:19:39.649 [main] INFO   o.s.m.w.MockServletContext - Initializing Spring TestDispatcherServlet ''
05.11.2020 15:19:39.649 [main] INFO   o.s.t.w.s.TestDispatcherServlet - Initializing Servlet ''
05.11.2020 15:19:39.684 [main] INFO   o.s.t.w.s.TestDispatcherServlet - Completed initialization in 33 ms
05.11.2020 15:19:39.709 [main] INFO   o.s.m.w.MockServletContext - Initializing Spring TestDispatcherServlet ''
05.11.2020 15:19:39.710 [main] INFO   o.s.t.w.s.TestDispatcherServlet - Initializing Servlet ''
05.11.2020 15:19:39.786 [main] INFO   o.s.t.w.s.TestDispatcherServlet - Completed initialization in 76 ms
05.11.2020 15:19:39.823 [main] INFO   o.s.m.w.MockServletContext - Initializing Spring TestDispatcherServlet ''
05.11.2020 15:19:39.824 [main] INFO   o.s.t.w.s.TestDispatcherServlet - Initializing Servlet ''
05.11.2020 15:19:39.867 [main] INFO   o.s.t.w.s.TestDispatcherServlet - Completed initialization in 43 ms
05.11.2020 15:19:39.882 [main] INFO   o.s.m.w.MockServletContext - Initializing Spring TestDispatcherServlet ''
05.11.2020 15:19:39.884 [main] INFO   o.s.t.w.s.TestDispatcherServlet - Initializing Servlet ''
05.11.2020 15:19:39.901 [main] INFO   o.s.t.w.s.TestDispatcherServlet - Completed initialization in 16 ms
05.11.2020 15:19:39.909 [main] INFO   o.s.m.w.MockServletContext - Initializing Spring TestDispatcherServlet ''
05.11.2020 15:19:39.914 [main] INFO   o.s.t.w.s.TestDispatcherServlet - Initializing Servlet ''
05.11.2020 15:19:39.948 [main] INFO   o.s.t.w.s.TestDispatcherServlet - Completed initialization in 32 ms
05.11.2020 15:19:39.964 [main] INFO   o.s.m.w.MockServletContext - Initializing Spring TestDispatcherServlet ''
05.11.2020 15:19:39.967 [main] INFO   o.s.t.w.s.TestDispatcherServlet - Initializing Servlet ''
05.11.2020 15:19:39.985 [main] INFO   o.s.t.w.s.TestDispatcherServlet - Completed initialization in 16 ms
05.11.2020 15:19:39.994 [main] INFO   o.s.m.w.MockServletContext - Initializing Spring TestDispatcherServlet ''
05.11.2020 15:19:39.994 [main] INFO   o.s.t.w.s.TestDispatcherServlet - Initializing Servlet ''
05.11.2020 15:19:40.013 [main] INFO   o.s.t.w.s.TestDispatcherServlet - Completed initialization in 19 ms
05.11.2020 15:19:40.019 [main] INFO   o.s.m.w.MockServletContext - Initializing Spring TestDispatcherServlet ''
05.11.2020 15:19:40.019 [main] INFO   o.s.t.w.s.TestDispatcherServlet - Initializing Servlet ''
05.11.2020 15:19:40.040 [main] INFO   o.s.t.w.s.TestDispatcherServlet - Completed initialization in 20 ms
05.11.2020 15:19:40.072 [main] INFO   o.s.t.c.s.DefaultTestContextBootstrapper - Loaded default TestExecutionListener class names from location [META-INF/spring.factories]: [org.springframework.test.context.web.ServletTestExecutionListener, org.springframework.test.context.support.DirtiesContextBeforeModesTestExecutionListener, org.springframework.test.context.support.DependencyInjectionTestExecutionListener, org.springframework.test.context.support.DirtiesContextTestExecutionListener, org.springframework.test.context.transaction.TransactionalTestExecutionListener, org.springframework.test.context.jdbc.SqlScriptsTestExecutionListener, org.springframework.test.context.event.EventPublishingTestExecutionListener]
05.11.2020 15:19:40.073 [main] INFO   o.s.t.c.s.DefaultTestContextBootstrapper - Using TestExecutionListeners: [org.springframework.test.context.web.ServletTestExecutionListener@2e51d054, org.springframework.test.context.support.DirtiesContextBeforeModesTestExecutionListener@4f5f6e45, org.springframework.test.context.support.DependencyInjectionTestExecutionListener@615e3f51, org.springframework.test.context.support.DirtiesContextTestExecutionListener@407873d3, org.springframework.test.context.transaction.TransactionalTestExecutionListener@608bc8f8, org.springframework.test.context.jdbc.SqlScriptsTestExecutionListener@5412bfea, org.springframework.test.context.event.EventPublishingTestExecutionListener@44a6a68e]
05.11.2020 15:19:40.418 [main] INFO   o.s.j.d.e.EmbeddedDatabaseFactory - Starting embedded database: url='jdbc:h2:mem:testdb;DB_CLOSE_DELAY=-1;DB_CLOSE_ON_EXIT=false', username='sa'
05.11.2020 15:19:40.748 [main] INFO   o.s.t.c.t.TransactionContext - Began transaction (1) for test context [DefaultTestContext@3d19d85 testClass = JdbcEmployeeDaoImplTest, testInstance = com.dao.jdbc.JdbcEmployeeDaoImplTest@2ae62bb6, testMethod = deleteEmployeeByIdTest@JdbcEmployeeDaoImplTest, testException = [null], mergedContextConfiguration = [MergedContextConfiguration@68ed3f30 testClass = JdbcEmployeeDaoImplTest, locations = '{}', classes = '{class com.dao.jdbc.JdbcEmployeeDaoImplTest$JdbcEmployeeDaoImplTestConfig}', contextInitializerClasses = '[]', activeProfiles = '{}', propertySourceLocations = '{}', propertySourceProperties = '{}', contextCustomizers = set[[empty]], contextLoader = 'org.springframework.test.context.support.DelegatingSmartContextLoader', parent = [null]], attributes = map[[empty]]]; transaction manager [org.springframework.jdbc.datasource.DataSourceTransactionManager@696b4a95]; rollback [true]
05.11.2020 15:19:40.772 [main] INFO   o.s.t.c.t.TransactionContext - Rolled back transaction for test: [DefaultTestContext@3d19d85 testClass = JdbcEmployeeDaoImplTest, testInstance = com.dao.jdbc.JdbcEmployeeDaoImplTest@2ae62bb6, testMethod = deleteEmployeeByIdTest@JdbcEmployeeDaoImplTest, testException = [null], mergedContextConfiguration = [MergedContextConfiguration@68ed3f30 testClass = JdbcEmployeeDaoImplTest, locations = '{}', classes = '{class com.dao.jdbc.JdbcEmployeeDaoImplTest$JdbcEmployeeDaoImplTestConfig}', contextInitializerClasses = '[]', activeProfiles = '{}', propertySourceLocations = '{}', propertySourceProperties = '{}', contextCustomizers = set[[empty]], contextLoader = 'org.springframework.test.context.support.DelegatingSmartContextLoader', parent = [null]], attributes = map[[empty]]]
05.11.2020 15:19:40.775 [main] INFO   o.s.t.c.t.TransactionContext - Began transaction (1) for test context [DefaultTestContext@3d19d85 testClass = JdbcEmployeeDaoImplTest, testInstance = com.dao.jdbc.JdbcEmployeeDaoImplTest@33feb805, testMethod = updateEmployeeByIdTest@JdbcEmployeeDaoImplTest, testException = [null], mergedContextConfiguration = [MergedContextConfiguration@68ed3f30 testClass = JdbcEmployeeDaoImplTest, locations = '{}', classes = '{class com.dao.jdbc.JdbcEmployeeDaoImplTest$JdbcEmployeeDaoImplTestConfig}', contextInitializerClasses = '[]', activeProfiles = '{}', propertySourceLocations = '{}', propertySourceProperties = '{}', contextCustomizers = set[[empty]], contextLoader = 'org.springframework.test.context.support.DelegatingSmartContextLoader', parent = [null]], attributes = map[[empty]]]; transaction manager [org.springframework.jdbc.datasource.DataSourceTransactionManager@696b4a95]; rollback [true]
05.11.2020 15:19:40.781 [main] INFO   o.s.t.c.t.TransactionContext - Rolled back transaction for test: [DefaultTestContext@3d19d85 testClass = JdbcEmployeeDaoImplTest, testInstance = com.dao.jdbc.JdbcEmployeeDaoImplTest@33feb805, testMethod = updateEmployeeByIdTest@JdbcEmployeeDaoImplTest, testException = [null], mergedContextConfiguration = [MergedContextConfiguration@68ed3f30 testClass = JdbcEmployeeDaoImplTest, locations = '{}', classes = '{class com.dao.jdbc.JdbcEmployeeDaoImplTest$JdbcEmployeeDaoImplTestConfig}', contextInitializerClasses = '[]', activeProfiles = '{}', propertySourceLocations = '{}', propertySourceProperties = '{}', contextCustomizers = set[[empty]], contextLoader = 'org.springframework.test.context.support.DelegatingSmartContextLoader', parent = [null]], attributes = map[[empty]]]
05.11.2020 15:19:40.783 [main] INFO   o.s.t.c.t.TransactionContext - Began transaction (1) for test context [DefaultTestContext@3d19d85 testClass = JdbcEmployeeDaoImplTest, testInstance = com.dao.jdbc.JdbcEmployeeDaoImplTest@4d1ff6b1, testMethod = findAllEmployeesTest@JdbcEmployeeDaoImplTest, testException = [null], mergedContextConfiguration = [MergedContextConfiguration@68ed3f30 testClass = JdbcEmployeeDaoImplTest, locations = '{}', classes = '{class com.dao.jdbc.JdbcEmployeeDaoImplTest$JdbcEmployeeDaoImplTestConfig}', contextInitializerClasses = '[]', activeProfiles = '{}', propertySourceLocations = '{}', propertySourceProperties = '{}', contextCustomizers = set[[empty]], contextLoader = 'org.springframework.test.context.support.DelegatingSmartContextLoader', parent = [null]], attributes = map[[empty]]]; transaction manager [org.springframework.jdbc.datasource.DataSourceTransactionManager@696b4a95]; rollback [true]
05.11.2020 15:19:40.785 [main] INFO   o.s.t.c.t.TransactionContext - Rolled back transaction for test: [DefaultTestContext@3d19d85 testClass = JdbcEmployeeDaoImplTest, testInstance = com.dao.jdbc.JdbcEmployeeDaoImplTest@4d1ff6b1, testMethod = findAllEmployeesTest@JdbcEmployeeDaoImplTest, testException = [null], mergedContextConfiguration = [MergedContextConfiguration@68ed3f30 testClass = JdbcEmployeeDaoImplTest, locations = '{}', classes = '{class com.dao.jdbc.JdbcEmployeeDaoImplTest$JdbcEmployeeDaoImplTestConfig}', contextInitializerClasses = '[]', activeProfiles = '{}', propertySourceLocations = '{}', propertySourceProperties = '{}', contextCustomizers = set[[empty]], contextLoader = 'org.springframework.test.context.support.DelegatingSmartContextLoader', parent = [null]], attributes = map[[empty]]]
05.11.2020 15:19:40.787 [main] INFO   o.s.t.c.t.TransactionContext - Began transaction (1) for test context [DefaultTestContext@3d19d85 testClass = JdbcEmployeeDaoImplTest, testInstance = com.dao.jdbc.JdbcEmployeeDaoImplTest@329548d0, testMethod = findEmployeeByIdTest@JdbcEmployeeDaoImplTest, testException = [null], mergedContextConfiguration = [MergedContextConfiguration@68ed3f30 testClass = JdbcEmployeeDaoImplTest, locations = '{}', classes = '{class com.dao.jdbc.JdbcEmployeeDaoImplTest$JdbcEmployeeDaoImplTestConfig}', contextInitializerClasses = '[]', activeProfiles = '{}', propertySourceLocations = '{}', propertySourceProperties = '{}', contextCustomizers = set[[empty]], contextLoader = 'org.springframework.test.context.support.DelegatingSmartContextLoader', parent = [null]], attributes = map[[empty]]]; transaction manager [org.springframework.jdbc.datasource.DataSourceTransactionManager@696b4a95]; rollback [true]
05.11.2020 15:19:40.790 [main] INFO   o.s.t.c.t.TransactionContext - Rolled back transaction for test: [DefaultTestContext@3d19d85 testClass = JdbcEmployeeDaoImplTest, testInstance = com.dao.jdbc.JdbcEmployeeDaoImplTest@329548d0, testMethod = findEmployeeByIdTest@JdbcEmployeeDaoImplTest, testException = [null], mergedContextConfiguration = [MergedContextConfiguration@68ed3f30 testClass = JdbcEmployeeDaoImplTest, locations = '{}', classes = '{class com.dao.jdbc.JdbcEmployeeDaoImplTest$JdbcEmployeeDaoImplTestConfig}', contextInitializerClasses = '[]', activeProfiles = '{}', propertySourceLocations = '{}', propertySourceProperties = '{}', contextCustomizers = set[[empty]], contextLoader = 'org.springframework.test.context.support.DelegatingSmartContextLoader', parent = [null]], attributes = map[[empty]]]
05.11.2020 15:19:40.794 [main] INFO   o.s.t.c.t.TransactionContext - Began transaction (1) for test context [DefaultTestContext@3d19d85 testClass = JdbcEmployeeDaoImplTest, testInstance = com.dao.jdbc.JdbcEmployeeDaoImplTest@29b40b3, testMethod = addNewEmployeeTest@JdbcEmployeeDaoImplTest, testException = [null], mergedContextConfiguration = [MergedContextConfiguration@68ed3f30 testClass = JdbcEmployeeDaoImplTest, locations = '{}', classes = '{class com.dao.jdbc.JdbcEmployeeDaoImplTest$JdbcEmployeeDaoImplTestConfig}', contextInitializerClasses = '[]', activeProfiles = '{}', propertySourceLocations = '{}', propertySourceProperties = '{}', contextCustomizers = set[[empty]], contextLoader = 'org.springframework.test.context.support.DelegatingSmartContextLoader', parent = [null]], attributes = map[[empty]]]; transaction manager [org.springframework.jdbc.datasource.DataSourceTransactionManager@696b4a95]; rollback [true]
05.11.2020 15:19:40.798 [main] INFO   o.s.t.c.t.TransactionContext - Rolled back transaction for test: [DefaultTestContext@3d19d85 testClass = JdbcEmployeeDaoImplTest, testInstance = com.dao.jdbc.JdbcEmployeeDaoImplTest@29b40b3, testMethod = addNewEmployeeTest@JdbcEmployeeDaoImplTest, testException = [null], mergedContextConfiguration = [MergedContextConfiguration@68ed3f30 testClass = JdbcEmployeeDaoImplTest, locations = '{}', classes = '{class com.dao.jdbc.JdbcEmployeeDaoImplTest$JdbcEmployeeDaoImplTestConfig}', contextInitializerClasses = '[]', activeProfiles = '{}', propertySourceLocations = '{}', propertySourceProperties = '{}', contextCustomizers = set[[empty]], contextLoader = 'org.springframework.test.context.support.DelegatingSmartContextLoader', parent = [null]], attributes = map[[empty]]]
05.11.2020 15:19:40.803 [main] INFO   o.s.t.c.s.DefaultTestContextBootstrapper - Loaded default TestExecutionListener class names from location [META-INF/spring.factories]: [org.springframework.test.context.web.ServletTestExecutionListener, org.springframework.test.context.support.DirtiesContextBeforeModesTestExecutionListener, org.springframework.test.context.support.DependencyInjectionTestExecutionListener, org.springframework.test.context.support.DirtiesContextTestExecutionListener, org.springframework.test.context.transaction.TransactionalTestExecutionListener, org.springframework.test.context.jdbc.SqlScriptsTestExecutionListener, org.springframework.test.context.event.EventPublishingTestExecutionListener]
05.11.2020 15:19:40.803 [main] INFO   o.s.t.c.s.DefaultTestContextBootstrapper - Using TestExecutionListeners: [org.springframework.test.context.web.ServletTestExecutionListener@49d30c6f, org.springframework.test.context.support.DirtiesContextBeforeModesTestExecutionListener@1115433e, org.springframework.test.context.support.DependencyInjectionTestExecutionListener@4fdca00a, org.springframework.test.context.support.DirtiesContextTestExecutionListener@513b52af, org.springframework.test.context.transaction.TransactionalTestExecutionListener@5a8c93, org.springframework.test.context.jdbc.SqlScriptsTestExecutionListener@3bed3315, org.springframework.test.context.event.EventPublishingTestExecutionListener@119b0892]
05.11.2020 15:19:40.870 [main] INFO   o.s.j.d.e.EmbeddedDatabaseFactory - Starting embedded database: url='jdbc:h2:mem:testdb;DB_CLOSE_DELAY=-1;DB_CLOSE_ON_EXIT=false', username='sa'
05.11.2020 15:19:40.903 [main] INFO   o.s.t.c.t.TransactionContext - Began transaction (1) for test context [DefaultTestContext@2f894ad9 testClass = JdbcRoleDaoImplTest, testInstance = com.dao.jdbc.JdbcRoleDaoImplTest@5afbd567, testMethod = getOneTest@JdbcRoleDaoImplTest, testException = [null], mergedContextConfiguration = [MergedContextConfiguration@6993c8df testClass = JdbcRoleDaoImplTest, locations = '{}', classes = '{class com.dao.jdbc.JdbcRoleDaoImplTest$JdbcRoleDaoImplTestConfig}', contextInitializerClasses = '[]', activeProfiles = '{}', propertySourceLocations = '{}', propertySourceProperties = '{}', contextCustomizers = set[[empty]], contextLoader = 'org.springframework.test.context.support.DelegatingSmartContextLoader', parent = [null]], attributes = map[[empty]]]; transaction manager [org.springframework.jdbc.datasource.DataSourceTransactionManager@3003e580]; rollback [true]
05.11.2020 15:19:40.906 [main] INFO   o.s.t.c.t.TransactionContext - Rolled back transaction for test: [DefaultTestContext@2f894ad9 testClass = JdbcRoleDaoImplTest, testInstance = com.dao.jdbc.JdbcRoleDaoImplTest@5afbd567, testMethod = getOneTest@JdbcRoleDaoImplTest, testException = [null], mergedContextConfiguration = [MergedContextConfiguration@6993c8df testClass = JdbcRoleDaoImplTest, locations = '{}', classes = '{class com.dao.jdbc.JdbcRoleDaoImplTest$JdbcRoleDaoImplTestConfig}', contextInitializerClasses = '[]', activeProfiles = '{}', propertySourceLocations = '{}', propertySourceProperties = '{}', contextCustomizers = set[[empty]], contextLoader = 'org.springframework.test.context.support.DelegatingSmartContextLoader', parent = [null]], attributes = map[[empty]]]
05.11.2020 15:19:40.909 [main] INFO   o.s.t.c.s.DefaultTestContextBootstrapper - Loaded default TestExecutionListener class names from location [META-INF/spring.factories]: [org.springframework.test.context.web.ServletTestExecutionListener, org.springframework.test.context.support.DirtiesContextBeforeModesTestExecutionListener, org.springframework.test.context.support.DependencyInjectionTestExecutionListener, org.springframework.test.context.support.DirtiesContextTestExecutionListener, org.springframework.test.context.transaction.TransactionalTestExecutionListener, org.springframework.test.context.jdbc.SqlScriptsTestExecutionListener, org.springframework.test.context.event.EventPublishingTestExecutionListener]
05.11.2020 15:19:40.910 [main] INFO   o.s.t.c.s.DefaultTestContextBootstrapper - Using TestExecutionListeners: [org.springframework.test.context.web.ServletTestExecutionListener@36baa049, org.springframework.test.context.support.DirtiesContextBeforeModesTestExecutionListener@41184371, org.springframework.test.context.support.DependencyInjectionTestExecutionListener@34585ac9, org.springframework.test.context.support.DirtiesContextTestExecutionListener@76a805b7, org.springframework.test.context.transaction.TransactionalTestExecutionListener@15f35bc3, org.springframework.test.context.jdbc.SqlScriptsTestExecutionListener@167381c7, org.springframework.test.context.event.EventPublishingTestExecutionListener@608b1fd2]
05.11.2020 15:19:40.997 [main] INFO   o.s.j.d.e.EmbeddedDatabaseFactory - Starting embedded database: url='jdbc:h2:mem:testdb;DB_CLOSE_DELAY=-1;DB_CLOSE_ON_EXIT=false', username='sa'
05.11.2020 15:19:41.055 [main] INFO   o.s.t.c.t.TransactionContext - Began transaction (1) for test context [DefaultTestContext@2a43e0ac testClass = JdbcUserDaoImplTest, testInstance = com.dao.jdbc.JdbcUserDaoImplTest@22d9bc14, testMethod = saveTest@JdbcUserDaoImplTest, testException = [null], mergedContextConfiguration = [MergedContextConfiguration@346f41a9 testClass = JdbcUserDaoImplTest, locations = '{}', classes = '{class com.dao.jdbc.JdbcUserDaoImplTest$JdbcUserDaoImplTestConfig}', contextInitializerClasses = '[]', activeProfiles = '{}', propertySourceLocations = '{}', propertySourceProperties = '{}', contextCustomizers = set[[empty]], contextLoader = 'org.springframework.test.context.support.DelegatingSmartContextLoader', parent = [null]], attributes = map[[empty]]]; transaction manager [org.springframework.jdbc.datasource.DataSourceTransactionManager@5034f5dd]; rollback [true]
05.11.2020 15:19:41.068 [main] INFO   o.s.t.c.t.TransactionContext - Rolled back transaction for test: [DefaultTestContext@2a43e0ac testClass = JdbcUserDaoImplTest, testInstance = com.dao.jdbc.JdbcUserDaoImplTest@22d9bc14, testMethod = saveTest@JdbcUserDaoImplTest, testException = [null], mergedContextConfiguration = [MergedContextConfiguration@346f41a9 testClass = JdbcUserDaoImplTest, locations = '{}', classes = '{class com.dao.jdbc.JdbcUserDaoImplTest$JdbcUserDaoImplTestConfig}', contextInitializerClasses = '[]', activeProfiles = '{}', propertySourceLocations = '{}', propertySourceProperties = '{}', contextCustomizers = set[[empty]], contextLoader = 'org.springframework.test.context.support.DelegatingSmartContextLoader', parent = [null]], attributes = map[[empty]]]
05.11.2020 15:19:41.072 [main] INFO   o.s.t.c.t.TransactionContext - Began transaction (1) for test context [DefaultTestContext@2a43e0ac testClass = JdbcUserDaoImplTest, testInstance = com.dao.jdbc.JdbcUserDaoImplTest@2c413ffc, testMethod = findByUsernameTest@JdbcUserDaoImplTest, testException = [null], mergedContextConfiguration = [MergedContextConfiguration@346f41a9 testClass = JdbcUserDaoImplTest, locations = '{}', classes = '{class com.dao.jdbc.JdbcUserDaoImplTest$JdbcUserDaoImplTestConfig}', contextInitializerClasses = '[]', activeProfiles = '{}', propertySourceLocations = '{}', propertySourceProperties = '{}', contextCustomizers = set[[empty]], contextLoader = 'org.springframework.test.context.support.DelegatingSmartContextLoader', parent = [null]], attributes = map[[empty]]]; transaction manager [org.springframework.jdbc.datasource.DataSourceTransactionManager@5034f5dd]; rollback [true]
05.11.2020 15:19:41.075 [main] INFO   o.s.t.c.t.TransactionContext - Rolled back transaction for test: [DefaultTestContext@2a43e0ac testClass = JdbcUserDaoImplTest, testInstance = com.dao.jdbc.JdbcUserDaoImplTest@2c413ffc, testMethod = findByUsernameTest@JdbcUserDaoImplTest, testException = [null], mergedContextConfiguration = [MergedContextConfiguration@346f41a9 testClass = JdbcUserDaoImplTest, locations = '{}', classes = '{class com.dao.jdbc.JdbcUserDaoImplTest$JdbcUserDaoImplTestConfig}', contextInitializerClasses = '[]', activeProfiles = '{}', propertySourceLocations = '{}', propertySourceProperties = '{}', contextCustomizers = set[[empty]], contextLoader = 'org.springframework.test.context.support.DelegatingSmartContextLoader', parent = [null]], attributes = map[[empty]]]
05.11.2020 15:19:41.080 [main] INFO   o.s.t.c.t.TransactionContext - Began transaction (1) for test context [DefaultTestContext@2a43e0ac testClass = JdbcUserDaoImplTest, testInstance = com.dao.jdbc.JdbcUserDaoImplTest@6cd98a05, testMethod = findAllTest@JdbcUserDaoImplTest, testException = [null], mergedContextConfiguration = [MergedContextConfiguration@346f41a9 testClass = JdbcUserDaoImplTest, locations = '{}', classes = '{class com.dao.jdbc.JdbcUserDaoImplTest$JdbcUserDaoImplTestConfig}', contextInitializerClasses = '[]', activeProfiles = '{}', propertySourceLocations = '{}', propertySourceProperties = '{}', contextCustomizers = set[[empty]], contextLoader = 'org.springframework.test.context.support.DelegatingSmartContextLoader', parent = [null]], attributes = map[[empty]]]; transaction manager [org.springframework.jdbc.datasource.DataSourceTransactionManager@5034f5dd]; rollback [true]
05.11.2020 15:19:41.084 [main] INFO   o.s.t.c.t.TransactionContext - Rolled back transaction for test: [DefaultTestContext@2a43e0ac testClass = JdbcUserDaoImplTest, testInstance = com.dao.jdbc.JdbcUserDaoImplTest@6cd98a05, testMethod = findAllTest@JdbcUserDaoImplTest, testException = [null], mergedContextConfiguration = [MergedContextConfiguration@346f41a9 testClass = JdbcUserDaoImplTest, locations = '{}', classes = '{class com.dao.jdbc.JdbcUserDaoImplTest$JdbcUserDaoImplTestConfig}', contextInitializerClasses = '[]', activeProfiles = '{}', propertySourceLocations = '{}', propertySourceProperties = '{}', contextCustomizers = set[[empty]], contextLoader = 'org.springframework.test.context.support.DelegatingSmartContextLoader', parent = [null]], attributes = map[[empty]]]
05.11.2020 15:19:41.090 [main] INFO   o.s.t.c.s.DefaultTestContextBootstrapper - Loaded default TestExecutionListener class names from location [META-INF/spring.factories]: [org.springframework.test.context.web.ServletTestExecutionListener, org.springframework.test.context.support.DirtiesContextBeforeModesTestExecutionListener, org.springframework.test.context.support.DependencyInjectionTestExecutionListener, org.springframework.test.context.support.DirtiesContextTestExecutionListener, org.springframework.test.context.transaction.TransactionalTestExecutionListener, org.springframework.test.context.jdbc.SqlScriptsTestExecutionListener, org.springframework.test.context.event.EventPublishingTestExecutionListener]
05.11.2020 15:19:41.091 [main] INFO   o.s.t.c.s.DefaultTestContextBootstrapper - Using TestExecutionListeners: [org.springframework.test.context.web.ServletTestExecutionListener@286090c, org.springframework.test.context.support.DirtiesContextBeforeModesTestExecutionListener@31120021, org.springframework.test.context.support.DependencyInjectionTestExecutionListener@3df1a1ac, org.springframework.test.context.support.DirtiesContextTestExecutionListener@58606c91, org.springframework.test.context.transaction.TransactionalTestExecutionListener@6a9cd0f8, org.springframework.test.context.jdbc.SqlScriptsTestExecutionListener@4baed682, org.springframework.test.context.event.EventPublishingTestExecutionListener@7be2f29a]
05.11.2020 15:19:41.259 [main] INFO   o.s.t.c.s.DefaultTestContextBootstrapper - Loaded default TestExecutionListener class names from location [META-INF/spring.factories]: [org.springframework.test.context.web.ServletTestExecutionListener, org.springframework.test.context.support.DirtiesContextBeforeModesTestExecutionListener, org.springframework.test.context.support.DependencyInjectionTestExecutionListener, org.springframework.test.context.support.DirtiesContextTestExecutionListener, org.springframework.test.context.transaction.TransactionalTestExecutionListener, org.springframework.test.context.jdbc.SqlScriptsTestExecutionListener, org.springframework.test.context.event.EventPublishingTestExecutionListener]
05.11.2020 15:19:41.260 [main] INFO   o.s.t.c.s.DefaultTestContextBootstrapper - Using TestExecutionListeners: [org.springframework.test.context.web.ServletTestExecutionListener@756aadfc, org.springframework.test.context.support.DirtiesContextBeforeModesTestExecutionListener@705a8dbc, org.springframework.test.context.support.DependencyInjectionTestExecutionListener@40729f01, org.springframework.test.context.support.DirtiesContextTestExecutionListener@d535a3d, org.springframework.test.context.transaction.TransactionalTestExecutionListener@2d760326, org.springframework.test.context.jdbc.SqlScriptsTestExecutionListener@9e54c59, org.springframework.test.context.event.EventPublishingTestExecutionListener@5dbb50f3]
05.11.2020 15:19:41.724 [SpringContextShutdownHook] INFO   o.s.j.d.e.EmbeddedDatabaseFactory - Shutting down embedded database: url='jdbc:h2:mem:testdb;DB_CLOSE_DELAY=-1;DB_CLOSE_ON_EXIT=false'
05.11.2020 15:19:41.725 [SpringContextShutdownHook] INFO   o.s.j.d.e.EmbeddedDatabaseFactory - Shutting down embedded database: url='jdbc:h2:mem:testdb;DB_CLOSE_DELAY=-1;DB_CLOSE_ON_EXIT=false'
05.11.2020 15:19:41.725 [SpringContextShutdownHook] INFO   o.s.j.d.e.EmbeddedDatabaseFactory - Shutting down embedded database: url='jdbc:h2:mem:testdb;DB_CLOSE_DELAY=-1;DB_CLOSE_ON_EXIT=false'
05.11.2020 15:19:41.743 [SpringContextShutdownHook] INFO   o.s.j.d.e.H2EmbeddedDatabaseConfigurer - Could not shut down embedded database
org.h2.jdbc.JdbcSQLException: База данных уже закрыта
The database has been closed [90098-197]
	at org.h2.message.DbException.getJdbcSQLException(DbException.java:357)
	at org.h2.message.DbException.get(DbException.java:179)
	at org.h2.message.DbException.get(DbException.java:155)
	at org.h2.message.DbException.get(DbException.java:144)
	at org.h2.engine.Session.getTransaction(Session.java:1686)
	at org.h2.engine.Session.getStatementSavepoint(Session.java:1696)
	at org.h2.engine.Session.setSavepoint(Session.java:859)
	at org.h2.command.Command.executeUpdate(Command.java:255)
	at org.h2.engine.Engine.openSession(Engine.java:209)
	at org.h2.engine.Engine.createSessionAndValidate(Engine.java:157)
	at org.h2.engine.Engine.createSession(Engine.java:140)
	at org.h2.engine.Engine.createSession(Engine.java:28)
	at org.h2.engine.SessionRemote.connectEmbeddedOrServer(SessionRemote.java:351)
	at org.h2.jdbc.JdbcConnection.<init>(JdbcConnection.java:124)
	at org.h2.jdbc.JdbcConnection.<init>(JdbcConnection.java:103)
	at org.h2.Driver.connect(Driver.java:69)
	at org.springframework.jdbc.datasource.SimpleDriverDataSource.getConnectionFromDriver(SimpleDriverDataSource.java:144)
	at org.springframework.jdbc.datasource.AbstractDriverBasedDataSource.getConnectionFromDriver(AbstractDriverBasedDataSource.java:205)
	at org.springframework.jdbc.datasource.AbstractDriverBasedDataSource.getConnection(AbstractDriverBasedDataSource.java:169)
	at org.springframework.jdbc.datasource.embedded.AbstractEmbeddedDatabaseConfigurer.shutdown(AbstractEmbeddedDatabaseConfigurer.java:45)
	at org.springframework.jdbc.datasource.embedded.EmbeddedDatabaseFactory.shutdownDatabase(EmbeddedDatabaseFactory.java:229)
	at org.springframework.jdbc.datasource.embedded.EmbeddedDatabaseFactory$EmbeddedDataSourceProxy.shutdown(EmbeddedDatabaseFactory.java:304)
	at java.base/jdk.internal.reflect.NativeMethodAccessorImpl.invoke0(Native Method)
	at java.base/jdk.internal.reflect.NativeMethodAccessorImpl.invoke(NativeMethodAccessorImpl.java:62)
	at java.base/jdk.internal.reflect.DelegatingMethodAccessorImpl.invoke(DelegatingMethodAccessorImpl.java:43)
	at java.base/java.lang.reflect.Method.invoke(Method.java:567)
	at org.springframework.beans.factory.support.DisposableBeanAdapter.invokeCustomDestroyMethod(DisposableBeanAdapter.java:339)
	at org.springframework.beans.factory.support.DisposableBeanAdapter.destroy(DisposableBeanAdapter.java:273)
	at org.springframework.beans.factory.support.DefaultSingletonBeanRegistry.destroyBean(DefaultSingletonBeanRegistry.java:579)
	at org.springframework.beans.factory.support.DefaultSingletonBeanRegistry.destroySingleton(DefaultSingletonBeanRegistry.java:551)
	at org.springframework.beans.factory.support.DefaultListableBeanFactory.destroySingleton(DefaultListableBeanFactory.java:1091)
	at org.springframework.beans.factory.support.DefaultSingletonBeanRegistry.destroySingletons(DefaultSingletonBeanRegistry.java:512)
	at org.springframework.beans.factory.support.DefaultListableBeanFactory.destroySingletons(DefaultListableBeanFactory.java:1084)
	at org.springframework.context.support.AbstractApplicationContext.destroyBeans(AbstractApplicationContext.java:1060)
	at org.springframework.context.support.AbstractApplicationContext.doClose(AbstractApplicationContext.java:1029)
	at org.springframework.context.support.AbstractApplicationContext$1.run(AbstractApplicationContext.java:948)
